

Microchip MPLAB XC8 Assembler V2.10 build 88905656 
                                                                                                           Fri May 29 03:42:20 2020


     1                           	processor	16F877A
     2                           	opt	pw 132
     3                           	psect	config,global,class=CONFIG,delta=2
     4                           	psect	idloc,global,class=IDLOC,delta=2
     5                           	psect	code,global,class=CODE,delta=2
     6                           	psect	powerup,global,class=CODE,delta=2
     7                           	psect	reset_vec,global,class=CODE,delta=2
     8                           	psect	maintext,global,class=CODE,delta=2
     9                           	psect	eeprom_data,global,class=EEDATA,space=3,delta=2
    10                           	psect	intentry,global,class=CODE,delta=2
    11                           	psect	functab,global,class=ENTRY,delta=2
    12                           	psect	init,global,class=CODE,delta=2
    13                           	psect	cinit,global,class=CODE,delta=2
    14                           	psect	text,global,class=CODE,delta=2
    15                           	psect	end_init,global,class=CODE,delta=2
    16                           	psect	clrtext,global,class=CODE,delta=2
    17                           	psect	strings,global,reloc=256,class=CODE,delta=2
    18                           	psect	stack,global,class=STACK,space=2,delta=1
    19                           	psect	common,global,class=COMMON,space=1,delta=1
    20                           	psect	bank0,global,class=BANK0,space=1,delta=1
    21                           	psect	bank1,global,class=BANK1,space=1,delta=1
    22                           	psect	bank2,global,class=BANK2,space=1,delta=1
    23                           	psect	bank3,global,class=BANK3,space=1,delta=1
    24                           	psect	ram,global,class=RAM,space=1,delta=1
    25                           	psect	abs1,global,class=ABS1,space=1,delta=1
    26                           	psect	sfr0,global,class=SFR0,space=1,delta=1
    27                           	psect	sfr1,global,class=SFR1,space=1,delta=1
    28                           	psect	sfr2,global,class=SFR2,space=1,delta=1
    29                           	psect	sfr3,global,class=SFR3,space=1,delta=1
    30                           
    31                           	psect	config
    32                           
    33                           ; Config register CONFIG @ 0x2007
    34                           ;	Oscillator Selection bits
    35                           ;	FOSC = HS, HS oscillator
    36                           ;	Watchdog Timer Enable bit
    37                           ;	WDTE = OFF, WDT disabled
    38                           ;	Power-up Timer Enable bit
    39                           ;	PWRTE = OFF, PWRT disabled
    40                           ;	Brown-out Reset Enable bit
    41                           ;	BOREN = OFF, BOR disabled
    42                           ;	Low-Voltage (Single-Supply) In-Circuit Serial Programming Enable bit
    43                           ;	LVP = OFF, RB3 is digital I/O, HV on MCLR must be used for programming
    44                           ;	Data EEPROM Memory Code Protection bit
    45                           ;	CPD = OFF, Data EEPROM code protection off
    46                           ;	Flash Program Memory Write Enable bits
    47                           ;	WRT = OFF, Write protection off; all program memory may be written to by EECON control
    48                           ;	In-Circuit Debugger Mode bit
    49                           ;	DEBUG = 0x1, unprogrammed default
    50                           ;	Flash Program Memory Code Protection bit
    51                           ;	CP = OFF, Code protection off
    52  2007                     	org	0
    53  2007  3F3A               	dw	16186
    54                           
    55                           	psect	reset_vec
    56  0000                     reset_vec:	
    57                           
    58                           ; No powerup routine
    59                           ; jump to start
    60  0000  120A  118A  2812   	goto	(start& (0+2047))| (reset_vec& (0+-2048))
    61                           
    62                           	psect	maintext
    63                           
    64                           ; Microchip MPLAB XC8 C Compiler V2.10
    65                           ; Copyright (C) 2019 Microchip Technology Inc.
    66                           ; Auto-generated runtime startup code for final link stage.
    67                           ;
    68                           ; Compiler options:
    69                           ;
    70                           ; main.c adc.c display7s.c lcd.c serial.c matricial_key.c pwm.c i2c.c \
    71                           ; eeprom_ext.c
    72                           ;
    73  0000                     C	set	0
    74  0002                     Z	set	2
    75  0002                     PCL	set	2
    76  0000                     INDF	set	0
    77  000A                     
    78                           	psect	functab
    79  0000                     intlevel0:	
    80  0000                     intlevel1:	
    81  0000                     intlevel2:	
    82  0000                     intlevel3:	
    83  0000                     intlevel4:	
    84  0000                     intlevel5:	
    85                           
    86                           	psect	init
    87  0012                     start:	
    88                           
    89                           	psect	end_init
    90  0012  120A  118A  2815   	ljmp	start_initialization	;jump to C runtime clear & initialization
    91                           
    92                           	psect	clrtext
    93  0004                     FSR	set	4
    94                           
    95                           	psect	strings
    96  0000                     
    97                           	psect	stack
    98  0000                     ___sp:	
    99  0000                     ___int_sp:	


Microchip Technology PIC Macro Assembler V2.10 build 88905656 
Symbol Table                                                                                               Fri May 29 03:42:20 2020

               ___sp 0000                 _main 0063                 start 0012  start_initialization 0015  
          ___stackhi 0000            ___stacklo 0000             ___int_sp 0000             intlevel0 0000  
           intlevel1 0000             intlevel2 0000             intlevel3 0000             intlevel4 0000  
           intlevel5 0000             reset_vec 0000  
